<?xml version="1.0" encoding="UTF-8"?>
<!-- Generated by org.testng.reporters.JUnitXMLReporter -->
<testsuite hostname="zenfery" name="Default test" tests="3" failures="0" timestamp="13 Feb 2019 08:10:00 GMT" time="29.413" errors="0">
  <testcase name="f" time="5.385" classname="ecshop.tc.TestAdvancedSearch"/>
  <testcase name="f" time="6.912" classname="ecshop.tc.TestAdvancedSearch"/>
  <testcase name="f" time="5.449" classname="ecshop.tc.TestAdvancedSearch"/>
</testsuite> <!-- Default test -->
