<?xml version="1.0" encoding="UTF-8"?>
<testng-results skipped="0" failed="0" total="2" passed="2">
  <reporter-output>
  </reporter-output>
  <suite name="Surefire suite" duration-ms="26" started-at="2019-01-09T09:44:49Z" finished-at="2019-01-09T09:44:49Z">
    <groups>
    </groups>
    <test name="Surefire test" duration-ms="26" started-at="2019-01-09T09:44:49Z" finished-at="2019-01-09T09:44:49Z">
      <class name="org.tedu.mavenPro2.NewTestCase">
        <test-method status="PASS" signature="beforeMethod()[pri:0, instance:org.tedu.mavenPro2.NewTestCase@13c78c0b]" name="beforeMethod" is-config="true" duration-ms="1" started-at="2019-01-09T17:44:49Z" finished-at="2019-01-09T17:44:49Z">
          <reporter-output>
          </reporter-output>
        </test-method> <!-- beforeMethod -->
        <test-method status="PASS" signature="afterMethod()[pri:0, instance:org.tedu.mavenPro2.NewTestCase@13c78c0b]" name="afterMethod" is-config="true" duration-ms="0" started-at="2019-01-09T17:44:49Z" finished-at="2019-01-09T17:44:49Z">
          <reporter-output>
          </reporter-output>
        </test-method> <!-- afterMethod -->
        <test-method status="PASS" signature="f()[pri:0, instance:org.tedu.mavenPro2.NewTestCase@13c78c0b]" name="f" duration-ms="0" started-at="2019-01-09T17:44:49Z" finished-at="2019-01-09T17:44:49Z">
          <reporter-output>
          </reporter-output>
        </test-method> <!-- f -->
      </class> <!-- org.tedu.mavenPro2.NewTestCase -->
      <class name="org.tedu.mavenPro2.NewTest">
        <test-method status="PASS" signature="beforeMethod()[pri:0, instance:org.tedu.mavenPro2.NewTest@7946e1f4]" name="beforeMethod" is-config="true" duration-ms="9" started-at="2019-01-09T17:44:49Z" finished-at="2019-01-09T17:44:49Z">
          <reporter-output>
          </reporter-output>
        </test-method> <!-- beforeMethod -->
        <test-method status="PASS" signature="f()[pri:0, instance:org.tedu.mavenPro2.NewTest@7946e1f4]" name="f" duration-ms="3" started-at="2019-01-09T17:44:49Z" finished-at="2019-01-09T17:44:49Z">
          <reporter-output>
          </reporter-output>
        </test-method> <!-- f -->
        <test-method status="PASS" signature="afterMethod()[pri:0, instance:org.tedu.mavenPro2.NewTest@7946e1f4]" name="afterMethod" is-config="true" duration-ms="0" started-at="2019-01-09T17:44:49Z" finished-at="2019-01-09T17:44:49Z">
          <reporter-output>
          </reporter-output>
        </test-method> <!-- afterMethod -->
      </class> <!-- org.tedu.mavenPro2.NewTest -->
    </test> <!-- Surefire test -->
  </suite> <!-- Surefire suite -->
</testng-results>
