<?xml version="1.0" encoding="UTF-8"?>
<testng-results skipped="0" failed="0" total="1" passed="1">
  <reporter-output>
  </reporter-output>
  <suite name="Suite" duration-ms="12535" started-at="2019-02-15T07:12:04Z" finished-at="2019-02-15T07:12:16Z">
    <groups>
    </groups>
    <test name="Test" duration-ms="12535" started-at="2019-02-15T07:12:04Z" finished-at="2019-02-15T07:12:16Z">
      <class name="ecshop.TestECShopSearch">
        <test-method status="PASS" signature="beforeMethod()[pri:0, instance:ecshop.TestECShopSearch@2812cbfa]" name="beforeMethod" is-config="true" duration-ms="4796" started-at="2019-02-15T15:12:04Z" finished-at="2019-02-15T15:12:09Z">
          <reporter-output>
          </reporter-output>
        </test-method> <!-- beforeMethod -->
        <test-method status="PASS" signature="f()[pri:0, instance:ecshop.TestECShopSearch@2812cbfa]" name="f" duration-ms="7423" started-at="2019-02-15T15:12:09Z" finished-at="2019-02-15T15:12:16Z">
          <reporter-output>
          </reporter-output>
        </test-method> <!-- f -->
        <test-method status="PASS" signature="afterMethod()[pri:0, instance:ecshop.TestECShopSearch@2812cbfa]" name="afterMethod" is-config="true" duration-ms="300" started-at="2019-02-15T15:12:16Z" finished-at="2019-02-15T15:12:16Z">
          <reporter-output>
          </reporter-output>
        </test-method> <!-- afterMethod -->
      </class> <!-- ecshop.TestECShopSearch -->
    </test> <!-- Test -->
  </suite> <!-- Suite -->
</testng-results>
